<?xml version="1.0" encoding="UTF-8"?>
<!-- Generated by org.testng.reporters.JUnitXMLReporter -->
<testsuite ignored="2" hostname="FFE-Nallam-tharun-Kumar-FFE323" failures="0" tests="2" name="Test" time="20.037" errors="0" timestamp="2024-02-12T14:03:34 IST">
  <testcase classname="Cars.lamborginiTest" name="launchlamborgini" time="8.619"/>
  <testcase classname="Cars.PorscheTest" name="launchPorsche" time="11.289"/>
  <testcase classname="Cars.FerrariTest" name="launchFerrari" time="0.0">
    <ignored/>
  </testcase> <!-- launchFerrari -->
  <testcase classname="Cars.FordTest" name="launchFord" time="0.0">
    <ignored/>
  </testcase> <!-- launchFord -->
</testsuite> <!-- Test -->
