<?xml version="1.0" encoding="UTF-8"?>
<testng-results ignored="0" total="1" passed="1" failed="0" skipped="0">
  <reporter-output>
  </reporter-output>
  <suite started-at="2024-02-13T12:36:46 IST" name="Default suite" finished-at="2024-02-13T12:36:59 IST" duration-ms="13050">
    <groups>
    </groups>
    <test started-at="2024-02-13T12:36:46 IST" name="Default test" finished-at="2024-02-13T12:36:59 IST" duration-ms="13050">
      <class name="ToLearnExtentReports.TestScript">
        <test-method is-config="true" signature="configureReports()[pri:0, instance:ToLearnExtentReports.TestScript@55b699ef]" started-at="2024-02-13T12:36:46 IST" name="configureReports" finished-at="2024-02-13T12:36:46 IST" duration-ms="372" status="PASS">
          <reporter-output>
          </reporter-output>
        </test-method> <!-- configureReports -->
        <test-method is-config="true" signature="browserSetUp()[pri:0, instance:ToLearnExtentReports.TestScript@55b699ef]" started-at="2024-02-13T12:36:46 IST" name="browserSetUp" finished-at="2024-02-13T12:36:53 IST" duration-ms="6965" status="PASS">
          <reporter-output>
          </reporter-output>
        </test-method> <!-- browserSetUp -->
        <test-method is-config="true" signature="login(java.lang.reflect.Method)[pri:0, instance:ToLearnExtentReports.TestScript@55b699ef]" started-at="2024-02-13T12:36:53 IST" name="login" finished-at="2024-02-13T12:36:55 IST" duration-ms="1862" status="PASS">
          <params>
            <param index="0">
              <value>
                <![CDATA[public void ToLearnExtentReports.TestScript.clickOnBooks()]]>
              </value>
            </param>
          </params>
          <reporter-output>
          </reporter-output>
        </test-method> <!-- login -->
        <test-method signature="clickOnBooks()[pri:0, instance:ToLearnExtentReports.TestScript@55b699ef]" started-at="2024-02-13T12:36:55 IST" name="clickOnBooks" finished-at="2024-02-13T12:36:57 IST" duration-ms="1815" status="PASS">
          <reporter-output>
          </reporter-output>
        </test-method> <!-- clickOnBooks -->
        <test-method is-config="true" signature="logOut()[pri:0, instance:ToLearnExtentReports.TestScript@55b699ef]" started-at="2024-02-13T12:36:57 IST" name="logOut" finished-at="2024-02-13T12:36:59 IST" duration-ms="1835" status="PASS">
          <reporter-output>
          </reporter-output>
        </test-method> <!-- logOut -->
        <test-method is-config="true" signature="closeBrowser()[pri:0, instance:ToLearnExtentReports.TestScript@55b699ef]" started-at="2024-02-13T12:36:59 IST" name="closeBrowser" finished-at="2024-02-13T12:36:59 IST" duration-ms="514" status="PASS">
          <reporter-output>
          </reporter-output>
        </test-method> <!-- closeBrowser -->
        <test-method is-config="true" signature="reportBackUp()[pri:0, instance:ToLearnExtentReports.TestScript@55b699ef]" started-at="2024-02-13T12:37:00 IST" name="reportBackUp" finished-at="2024-02-13T12:37:00 IST" duration-ms="637" status="PASS">
          <reporter-output>
          </reporter-output>
        </test-method> <!-- reportBackUp -->
      </class> <!-- ToLearnExtentReports.TestScript -->
    </test> <!-- Default test -->
  </suite> <!-- Default suite -->
</testng-results>
